<?xml version="1.0" encoding="UTF-8"?>
<!-- Generated by org.testng.reporters.JUnitReportReporter -->
<testsuite hostname="DESKTOP-OET529O" failures="0" tests="1" name="Locators.Assignment_Demo2" time="36.671" errors="0" timestamp="2024-12-28T20:04:17 IST" skipped="0">
  <testcase classname="Locators.Assignment_Demo2" name="Search_Product" time="36.671"/>
</testsuite> <!-- Locators.Assignment_Demo2 -->
